================================================================================
CSB RECOMMENDATIONS SCRAPER - SUMMARY REPORT
================================================================================

Scrape Start Time:       2025-11-12 14:32:56
Scrape End Time:         2025-11-12 14:33:04
Total Duration:          0:00:07.703587

--------------------------------------------------------------------------------
STATISTICS
--------------------------------------------------------------------------------

Total Recommendations Found:        1956

--------------------------------------------------------------------------------
OUTPUT FILES
--------------------------------------------------------------------------------

CSV Data File:    C:\main_njy\CSB\csb_recommendations.csv
Summary Log:      C:\main_njy\CSB\csb_recommendations_summary.log
Detailed Log:     C:\main_njy\csb_recommendations_scraper.log

--------------------------------------------------------------------------------
NOTES
--------------------------------------------------------------------------------

- Each row represents one recommendation
- root_id: Investigation ID (e.g., 202001ITX)
- file_id: Recommendation ID (e.g., 202001ITX1)
- Recommendation IDs follow format: YYYY-##-I-ST-# (e.g., 2020-01-I-TX-1)
- Status codes: C-* = Closed, O-* = Open

================================================================================
Report generated: 2025-11-12 14:33:04
================================================================================
